<?xml version="1.0" encoding="UTF-8"?>
<testng-results ignored="0" total="1" passed="1" failed="0" skipped="0">
  <reporter-output>
  </reporter-output>
  <suite started-at="2024-10-19T20:52:08 IST" name="Default suite" finished-at="2024-10-19T20:52:22 IST" duration-ms="13569">
    <groups>
    </groups>
    <test started-at="2024-10-19T20:52:08 IST" name="Default test" finished-at="2024-10-19T20:52:22 IST" duration-ms="13569">
      <class name="rahulshettyacademy.AmazonAutomation">
        <test-method signature="automate()[pri:0, instance:rahulshettyacademy.AmazonAutomation@3590fc5b]" started-at="2024-10-19T20:52:08 IST" name="automate" finished-at="2024-10-19T20:52:22 IST" duration-ms="13489" status="PASS">
          <reporter-output>
          </reporter-output>
        </test-method> <!-- automate -->
      </class> <!-- rahulshettyacademy.AmazonAutomation -->
    </test> <!-- Default test -->
  </suite> <!-- Default suite -->
</testng-results>
